{"/home/pavlo_smahin/IdeaProjects/folio-api-dependencies/src/core/dependency-analyzer.ts": {"path":"/home/pavlo_smahin/IdeaProjects/folio-api-dependencies/src/core/dependency-analyzer.ts","statementMap":{"0":{"start":{"line":5,"column":37},"end":{"line":5,"column":46}},"1":{"start":{"line":6,"column":24},"end":{"line":6,"column":77}},"2":{"start":{"line":7,"column":24},"end":{"line":7,"column":77}},"3":{"start":{"line":9,"column":4},"end":{"line":18,"column":null}},"4":{"start":{"line":10,"column":24},"end":{"line":10,"column":41}},"5":{"start":{"line":11,"column":6},"end":{"line":16,"column":null}},"6":{"start":{"line":12,"column":28},"end":{"line":12,"column":53}},"7":{"start":{"line":13,"column":8},"end":{"line":13,"column":null}},"8":{"start":{"line":13,"column":52},"end":{"line":13,"column":null}},"9":{"start":{"line":14,"column":32},"end":{"line":14,"column":69}},"10":{"start":{"line":15,"column":31},"end":{"line":15,"column":85}},"11":{"start":{"line":15,"column":60},"end":{"line":15,"column":84}},"12":{"start":{"line":16,"column":8},"end":{"line":16,"column":null}},"13":{"start":{"line":16,"column":29},"end":{"line":16,"column":null}},"14":{"start":{"line":18,"column":6},"end":{"line":18,"column":null}},"15":{"start":{"line":18,"column":30},"end":{"line":18,"column":null}},"16":{"start":{"line":21,"column":4},"end":{"line":21,"column":null}},"17":{"start":{"line":29,"column":16},"end":{"line":29,"column":46}},"18":{"start":{"line":30,"column":4},"end":{"line":40,"column":null}},"19":{"start":{"line":31,"column":19},"end":{"line":31,"column":36}},"20":{"start":{"line":32,"column":25},"end":{"line":32,"column":83}},"21":{"start":{"line":33,"column":6},"end":{"line":36,"column":null}},"22":{"start":{"line":34,"column":8},"end":{"line":36,"column":null}},"23":{"start":{"line":35,"column":10},"end":{"line":36,"column":null}},"24":{"start":{"line":36,"column":12},"end":{"line":36,"column":null}},"25":{"start":{"line":40,"column":6},"end":{"line":40,"column":null}},"26":{"start":{"line":42,"column":4},"end":{"line":42,"column":null}},"27":{"start":{"line":46,"column":23},"end":{"line":46,"column":72}},"28":{"start":{"line":47,"column":4},"end":{"line":47,"column":null}}},"fnMap":{"0":{"name":"(anonymous_0)","decl":{"start":{"line":4,"column":2},"end":{"line":4,"column":10}},"loc":{"start":{"line":4,"column":70},"end":{"line":21,"column":null}},"line":4},"1":{"name":"(anonymous_1)","decl":{"start":{"line":15,"column":48},"end":{"line":15,"column":53}},"loc":{"start":{"line":15,"column":60},"end":{"line":15,"column":84}},"line":15},"2":{"name":"(anonymous_2)","decl":{"start":{"line":24,"column":2},"end":{"line":24,"column":10}},"loc":{"start":{"line":28,"column":30},"end":{"line":42,"column":null}},"line":28},"3":{"name":"(anonymous_3)","decl":{"start":{"line":45,"column":2},"end":{"line":45,"column":10}},"loc":{"start":{"line":45,"column":56},"end":{"line":47,"column":null}},"line":45}},"branchMap":{"0":{"loc":{"start":{"line":13,"column":8},"end":{"line":13,"column":null}},"type":"if","locations":[{"start":{"line":13,"column":8},"end":{"line":13,"column":null}},{"start":{},"end":{}}],"line":13},"1":{"loc":{"start":{"line":13,"column":12},"end":{"line":13,"column":52}},"type":"binary-expr","locations":[{"start":{"line":13,"column":12},"end":{"line":13,"column":28}},{"start":{"line":13,"column":28},"end":{"line":13,"column":52}}],"line":13},"2":{"loc":{"start":{"line":14,"column":32},"end":{"line":14,"column":69}},"type":"binary-expr","locations":[{"start":{"line":14,"column":32},"end":{"line":14,"column":56}},{"start":{"line":14,"column":60},"end":{"line":14,"column":69}}],"line":14},"3":{"loc":{"start":{"line":16,"column":8},"end":{"line":16,"column":null}},"type":"if","locations":[{"start":{"line":16,"column":8},"end":{"line":16,"column":null}},{"start":{},"end":{}}],"line":16},"4":{"loc":{"start":{"line":18,"column":6},"end":{"line":18,"column":null}},"type":"if","locations":[{"start":{"line":18,"column":6},"end":{"line":18,"column":null}},{"start":{},"end":{}}],"line":18},"5":{"loc":{"start":{"line":32,"column":30},"end":{"line":32,"column":51}},"type":"binary-expr","locations":[{"start":{"line":32,"column":30},"end":{"line":32,"column":49}},{"start":{"line":32,"column":49},"end":{"line":32,"column":51}}],"line":32},"6":{"loc":{"start":{"line":32,"column":58},"end":{"line":32,"column":81}},"type":"binary-expr","locations":[{"start":{"line":32,"column":58},"end":{"line":32,"column":79}},{"start":{"line":32,"column":79},"end":{"line":32,"column":81}}],"line":32},"7":{"loc":{"start":{"line":35,"column":31},"end":{"line":35,"column":61}},"type":"binary-expr","locations":[{"start":{"line":35,"column":31},"end":{"line":35,"column":59}},{"start":{"line":35,"column":59},"end":{"line":35,"column":61}}],"line":35}},"s":{"0":5,"1":5,"2":5,"3":5,"4":13,"5":13,"6":8,"7":8,"8":0,"9":8,"10":8,"11":8,"12":8,"13":8,"14":13,"15":8,"16":5,"17":10,"18":10,"19":26,"20":26,"21":26,"22":32,"23":96,"24":20,"25":26,"26":10,"27":32,"28":32},"f":{"0":5,"1":8,"2":10,"3":32},"b":{"0":[0,8],"1":[8,8],"2":[8,0],"3":[8,0],"4":[8,5],"5":[26,0],"6":[26,0],"7":[96,64]},"meta":{"lastBranch":8,"lastFunction":4,"lastStatement":29,"seen":{"f:4:2:4:10":0,"s:5:37:5:46":0,"s:6:24:6:77":1,"s:7:24:7:77":2,"s:9:4:18:Infinity":3,"s:10:24:10:41":4,"s:11:6:16:Infinity":5,"s:12:28:12:53":6,"b:13:8:13:Infinity:undefined:undefined:undefined:undefined":0,"s:13:8:13:Infinity":7,"b:13:12:13:28:13:28:13:52":1,"s:13:52:13:Infinity":8,"s:14:32:14:69":9,"b:14:32:14:56:14:60:14:69":2,"s:15:31:15:85":10,"f:15:48:15:53":1,"s:15:60:15:84":11,"b:16:8:16:Infinity:undefined:undefined:undefined:undefined":3,"s:16:8:16:Infinity":12,"s:16:29:16:Infinity":13,"b:18:6:18:Infinity:undefined:undefined:undefined:undefined":4,"s:18:6:18:Infinity":14,"s:18:30:18:Infinity":15,"s:21:4:21:Infinity":16,"f:24:2:24:10":2,"s:29:16:29:46":17,"s:30:4:40:Infinity":18,"s:31:19:31:36":19,"s:32:25:32:83":20,"b:32:30:32:49:32:49:32:51":5,"b:32:58:32:79:32:79:32:81":6,"s:33:6:36:Infinity":21,"s:34:8:36:Infinity":22,"s:35:10:36:Infinity":23,"b:35:31:35:59:35:59:35:61":7,"s:36:12:36:Infinity":24,"s:40:6:40:Infinity":25,"s:42:4:42:Infinity":26,"f:45:2:45:10":3,"s:46:23:46:72":27,"s:47:4:47:Infinity":28}}}
,"/home/pavlo_smahin/IdeaProjects/folio-api-dependencies/src/core/dropdown.ts": {"path":"/home/pavlo_smahin/IdeaProjects/folio-api-dependencies/src/core/dropdown.ts","statementMap":{"0":{"start":{"line":10,"column":28},"end":{"line":10,"column":30}},"1":{"start":{"line":11,"column":31},"end":{"line":11,"column":33}},"2":{"start":{"line":12,"column":24},"end":{"line":12,"column":null}},"3":{"start":{"line":44,"column":10},"end":{"line":48,"column":9}},"4":{"start":{"line":16,"column":12},"end":{"line":16,"column":null}},"5":{"start":{"line":17,"column":12},"end":{"line":17,"column":null}},"6":{"start":{"line":20,"column":4},"end":{"line":26,"column":null}},"7":{"start":{"line":22,"column":8},"end":{"line":22,"column":71}},"8":{"start":{"line":22,"column":26},"end":{"line":22,"column":70}},"9":{"start":{"line":30,"column":4},"end":{"line":30,"column":null}},"10":{"start":{"line":30,"column":47},"end":{"line":30,"column":67}},"11":{"start":{"line":31,"column":4},"end":{"line":31,"column":null}},"12":{"start":{"line":31,"column":47},"end":{"line":31,"column":67}},"13":{"start":{"line":32,"column":4},"end":{"line":32,"column":null}},"14":{"start":{"line":32,"column":50},"end":{"line":32,"column":71}},"15":{"start":{"line":33,"column":4},"end":{"line":37,"column":null}},"16":{"start":{"line":34,"column":6},"end":{"line":35,"column":null}},"17":{"start":{"line":35,"column":8},"end":{"line":35,"column":null}},"18":{"start":{"line":41,"column":4},"end":{"line":41,"column":null}},"19":{"start":{"line":45,"column":17},"end":{"line":45,"column":40}},"20":{"start":{"line":46,"column":4},"end":{"line":46,"column":null}},"21":{"start":{"line":47,"column":4},"end":{"line":47,"column":null}},"22":{"start":{"line":51,"column":4},"end":{"line":51,"column":null}},"23":{"start":{"line":52,"column":4},"end":{"line":52,"column":null}},"24":{"start":{"line":52,"column":38},"end":{"line":52,"column":59}},"25":{"start":{"line":52,"column":59},"end":{"line":52,"column":null}},"26":{"start":{"line":53,"column":21},"end":{"line":53,"column":54}},"27":{"start":{"line":54,"column":4},"end":{"line":61,"column":null}},"28":{"start":{"line":55,"column":18},"end":{"line":55,"column":47}},"29":{"start":{"line":56,"column":6},"end":{"line":56,"column":null}},"30":{"start":{"line":57,"column":6},"end":{"line":57,"column":null}},"31":{"start":{"line":58,"column":6},"end":{"line":58,"column":null}},"32":{"start":{"line":58,"column":34},"end":{"line":58,"column":null}},"33":{"start":{"line":59,"column":6},"end":{"line":59,"column":null}},"34":{"start":{"line":59,"column":49},"end":{"line":59,"column":69}},"35":{"start":{"line":59,"column":69},"end":{"line":59,"column":93}},"36":{"start":{"line":60,"column":6},"end":{"line":60,"column":null}},"37":{"start":{"line":62,"column":4},"end":{"line":62,"column":null}},"38":{"start":{"line":63,"column":4},"end":{"line":63,"column":null}},"39":{"start":{"line":67,"column":4},"end":{"line":67,"column":null}},"40":{"start":{"line":68,"column":4},"end":{"line":68,"column":null}},"41":{"start":{"line":69,"column":4},"end":{"line":69,"column":null}},"42":{"start":{"line":73,"column":4},"end":{"line":85,"column":null}},"43":{"start":{"line":74,"column":6},"end":{"line":74,"column":null}},"44":{"start":{"line":75,"column":6},"end":{"line":75,"column":null}},"45":{"start":{"line":76,"column":6},"end":{"line":76,"column":null}},"46":{"start":{"line":77,"column":15},"end":{"line":85,"column":null}},"47":{"start":{"line":78,"column":6},"end":{"line":78,"column":null}},"48":{"start":{"line":79,"column":6},"end":{"line":79,"column":null}},"49":{"start":{"line":80,"column":6},"end":{"line":80,"column":null}},"50":{"start":{"line":81,"column":15},"end":{"line":85,"column":null}},"51":{"start":{"line":82,"column":6},"end":{"line":82,"column":null}},"52":{"start":{"line":83,"column":6},"end":{"line":83,"column":null}},"53":{"start":{"line":84,"column":15},"end":{"line":85,"column":null}},"54":{"start":{"line":85,"column":6},"end":{"line":85,"column":null}},"55":{"start":{"line":89,"column":33},"end":{"line":89,"column":null}},"56":{"start":{"line":90,"column":33},"end":{"line":90,"column":71}},"57":{"start":{"line":90,"column":71},"end":{"line":90,"column":null}}},"fnMap":{"0":{"name":"(anonymous_0)","decl":{"start":{"line":15,"column":2},"end":{"line":15,"column":null}},"loc":{"start":{"line":19,"column":4},"end":{"line":26,"column":null}},"line":19},"1":{"name":"(anonymous_1)","decl":{"start":{"line":21,"column":24},"end":{"line":21,"column":38}},"loc":{"start":{"line":22,"column":8},"end":{"line":22,"column":71}},"line":22},"2":{"name":"(anonymous_2)","decl":{"start":{"line":22,"column":14},"end":{"line":22,"column":21}},"loc":{"start":{"line":22,"column":26},"end":{"line":22,"column":70}},"line":22},"3":{"name":"(anonymous_3)","decl":{"start":{"line":24,"column":24},"end":{"line":24,"column":43}},"loc":{"start":{"line":24,"column":43},"end":{"line":24,"column":null}},"line":24},"4":{"name":"(anonymous_4)","decl":{"start":{"line":29,"column":2},"end":{"line":29,"column":15}},"loc":{"start":{"line":29,"column":15},"end":{"line":37,"column":null}},"line":29},"5":{"name":"(anonymous_5)","decl":{"start":{"line":30,"column":32},"end":{"line":30,"column":47}},"loc":{"start":{"line":30,"column":47},"end":{"line":30,"column":67}},"line":30},"6":{"name":"(anonymous_6)","decl":{"start":{"line":31,"column":32},"end":{"line":31,"column":47}},"loc":{"start":{"line":31,"column":47},"end":{"line":31,"column":67}},"line":31},"7":{"name":"(anonymous_7)","decl":{"start":{"line":32,"column":32},"end":{"line":32,"column":44}},"loc":{"start":{"line":32,"column":50},"end":{"line":32,"column":71}},"line":32},"8":{"name":"(anonymous_8)","decl":{"start":{"line":33,"column":30},"end":{"line":33,"column":40}},"loc":{"start":{"line":33,"column":46},"end":{"line":37,"column":null}},"line":33},"9":{"name":"(anonymous_9)","decl":{"start":{"line":40,"column":2},"end":{"line":40,"column":11}},"loc":{"start":{"line":40,"column":34},"end":{"line":41,"column":null}},"line":40},"10":{"name":"(anonymous_10)","decl":{"start":{"line":44,"column":26},"end":{"line":44,"column":41}},"loc":{"start":{"line":44,"column":41},"end":{"line":48,"column":9}},"line":44},"11":{"name":"(anonymous_11)","decl":{"start":{"line":50,"column":2},"end":{"line":50,"column":10}},"loc":{"start":{"line":50,"column":45},"end":{"line":63,"column":null}},"line":50},"12":{"name":"(anonymous_12)","decl":{"start":{"line":54,"column":18},"end":{"line":54,"column":27}},"loc":{"start":{"line":54,"column":39},"end":{"line":61,"column":null}},"line":54},"13":{"name":"(anonymous_13)","decl":{"start":{"line":59,"column":27},"end":{"line":59,"column":41}},"loc":{"start":{"line":59,"column":47},"end":{"line":59,"column":null}},"line":59},"14":{"name":"(anonymous_14)","decl":{"start":{"line":66,"column":2},"end":{"line":66,"column":10}},"loc":{"start":{"line":66,"column":41},"end":{"line":69,"column":null}},"line":66},"15":{"name":"(anonymous_15)","decl":{"start":{"line":72,"column":2},"end":{"line":72,"column":10}},"loc":{"start":{"line":72,"column":48},"end":{"line":85,"column":null}},"line":72},"16":{"name":"(anonymous_16)","decl":{"start":{"line":89,"column":2},"end":{"line":89,"column":10}},"loc":{"start":{"line":89,"column":31},"end":{"line":89,"column":null}},"line":89},"17":{"name":"(anonymous_17)","decl":{"start":{"line":90,"column":2},"end":{"line":90,"column":10}},"loc":{"start":{"line":90,"column":31},"end":{"line":90,"column":null}},"line":90}},"branchMap":{"0":{"loc":{"start":{"line":18,"column":4},"end":{"line":18,"column":33}},"type":"default-arg","locations":[{"start":{"line":18,"column":31},"end":{"line":18,"column":33}}],"line":18},"1":{"loc":{"start":{"line":21,"column":16},"end":{"line":22,"column":null}},"type":"binary-expr","locations":[{"start":{"line":21,"column":16},"end":{"line":21,"column":38}},{"start":{"line":21,"column":24},"end":{"line":22,"column":71}}],"line":21},"2":{"loc":{"start":{"line":24,"column":16},"end":{"line":24,"column":null}},"type":"binary-expr","locations":[{"start":{"line":24,"column":16},"end":{"line":24,"column":43}},{"start":{"line":24,"column":24},"end":{"line":24,"column":null}}],"line":24},"3":{"loc":{"start":{"line":25,"column":19},"end":{"line":25,"column":null}},"type":"binary-expr","locations":[{"start":{"line":25,"column":19},"end":{"line":25,"column":42}},{"start":{"line":25,"column":42},"end":{"line":25,"column":null}}],"line":25},"4":{"loc":{"start":{"line":34,"column":6},"end":{"line":35,"column":null}},"type":"if","locations":[{"start":{"line":34,"column":6},"end":{"line":35,"column":null}},{"start":{},"end":{}}],"line":34},"5":{"loc":{"start":{"line":34,"column":10},"end":{"line":34,"column":93}},"type":"binary-expr","locations":[{"start":{"line":34,"column":10},"end":{"line":34,"column":48}},{"start":{"line":34,"column":52},"end":{"line":34,"column":93}}],"line":34},"6":{"loc":{"start":{"line":52,"column":4},"end":{"line":52,"column":null}},"type":"if","locations":[{"start":{"line":52,"column":4},"end":{"line":52,"column":null}},{"start":{},"end":{}}],"line":52},"7":{"loc":{"start":{"line":58,"column":6},"end":{"line":58,"column":null}},"type":"if","locations":[{"start":{"line":58,"column":6},"end":{"line":58,"column":null}},{"start":{},"end":{}}],"line":58},"8":{"loc":{"start":{"line":73,"column":4},"end":{"line":85,"column":null}},"type":"if","locations":[{"start":{"line":73,"column":4},"end":{"line":85,"column":null}},{"start":{"line":77,"column":15},"end":{"line":85,"column":null}}],"line":73},"9":{"loc":{"start":{"line":77,"column":15},"end":{"line":85,"column":null}},"type":"if","locations":[{"start":{"line":77,"column":15},"end":{"line":85,"column":null}},{"start":{"line":81,"column":15},"end":{"line":85,"column":null}}],"line":77},"10":{"loc":{"start":{"line":81,"column":15},"end":{"line":85,"column":null}},"type":"if","locations":[{"start":{"line":81,"column":15},"end":{"line":85,"column":null}},{"start":{"line":84,"column":15},"end":{"line":85,"column":null}}],"line":81},"11":{"loc":{"start":{"line":81,"column":15},"end":{"line":81,"column":59}},"type":"binary-expr","locations":[{"start":{"line":81,"column":15},"end":{"line":81,"column":36}},{"start":{"line":81,"column":36},"end":{"line":81,"column":59}}],"line":81},"12":{"loc":{"start":{"line":84,"column":15},"end":{"line":85,"column":null}},"type":"if","locations":[{"start":{"line":84,"column":15},"end":{"line":85,"column":null}},{"start":{},"end":{}}],"line":84}},"s":{"0":8,"1":8,"2":8,"3":8,"4":8,"5":8,"6":8,"7":6,"8":10,"9":7,"10":6,"11":7,"12":0,"13":7,"14":5,"15":7,"16":7,"17":7,"18":7,"19":6,"20":6,"21":6,"22":9,"23":9,"24":1,"25":1,"26":8,"27":8,"28":13,"29":13,"30":13,"31":13,"32":3,"33":13,"34":1,"35":1,"36":13,"37":8,"38":8,"39":2,"40":2,"41":2,"42":5,"43":2,"44":2,"45":2,"46":3,"47":1,"48":1,"49":1,"50":2,"51":1,"52":1,"53":1,"54":1,"55":8,"56":11,"57":11},"f":{"0":8,"1":6,"2":10,"3":0,"4":7,"5":6,"6":0,"7":5,"8":7,"9":7,"10":6,"11":9,"12":13,"13":1,"14":2,"15":5,"16":8,"17":11},"b":{"0":[8],"1":[8,6],"2":[8,0],"3":[8,8],"4":[7,0],"5":[7,7],"6":[1,8],"7":[3,10],"8":[2,3],"9":[1,2],"10":[1,1],"11":[2,1],"12":[1,0]},"meta":{"lastBranch":13,"lastFunction":18,"lastStatement":58,"seen":{"s:10:28:10:30":0,"s:11:31:11:33":1,"s:12:24:12:Infinity":2,"s:44:10:48:9":3,"f:15:2:15:Infinity":0,"b:18:31:18:33":0,"s:16:12:16:Infinity":4,"s:17:12:17:Infinity":5,"s:20:4:26:Infinity":6,"b:21:16:21:38:21:24:22:71":1,"f:21:24:21:38":1,"s:22:8:22:71":7,"f:22:14:22:21":2,"s:22:26:22:70":8,"b:24:16:24:43:24:24:24:Infinity":2,"f:24:24:24:43":3,"b:25:19:25:42:25:42:25:Infinity":3,"f:29:2:29:15":4,"s:30:4:30:Infinity":9,"f:30:32:30:47":5,"s:30:47:30:67":10,"s:31:4:31:Infinity":11,"f:31:32:31:47":6,"s:31:47:31:67":12,"s:32:4:32:Infinity":13,"f:32:32:32:44":7,"s:32:50:32:71":14,"s:33:4:37:Infinity":15,"f:33:30:33:40":8,"b:34:6:35:Infinity:undefined:undefined:undefined:undefined":4,"s:34:6:35:Infinity":16,"b:34:10:34:48:34:52:34:93":5,"s:35:8:35:Infinity":17,"f:40:2:40:11":9,"s:41:4:41:Infinity":18,"f:44:26:44:41":10,"s:45:17:45:40":19,"s:46:4:46:Infinity":20,"s:47:4:47:Infinity":21,"f:50:2:50:10":11,"s:51:4:51:Infinity":22,"b:52:4:52:Infinity:undefined:undefined:undefined:undefined":6,"s:52:4:52:Infinity":23,"s:52:38:52:59":24,"s:52:59:52:Infinity":25,"s:53:21:53:54":26,"s:54:4:61:Infinity":27,"f:54:18:54:27":12,"s:55:18:55:47":28,"s:56:6:56:Infinity":29,"s:57:6:57:Infinity":30,"b:58:6:58:Infinity:undefined:undefined:undefined:undefined":7,"s:58:6:58:Infinity":31,"s:58:34:58:Infinity":32,"s:59:6:59:Infinity":33,"f:59:27:59:41":13,"s:59:49:59:69":34,"s:59:69:59:93":35,"s:60:6:60:Infinity":36,"s:62:4:62:Infinity":37,"s:63:4:63:Infinity":38,"f:66:2:66:10":14,"s:67:4:67:Infinity":39,"s:68:4:68:Infinity":40,"s:69:4:69:Infinity":41,"f:72:2:72:10":15,"b:73:4:85:Infinity:77:15:85:Infinity":8,"s:73:4:85:Infinity":42,"s:74:6:74:Infinity":43,"s:75:6:75:Infinity":44,"s:76:6:76:Infinity":45,"b:77:15:85:Infinity:81:15:85:Infinity":9,"s:77:15:85:Infinity":46,"s:78:6:78:Infinity":47,"s:79:6:79:Infinity":48,"s:80:6:80:Infinity":49,"b:81:15:85:Infinity:84:15:85:Infinity":10,"s:81:15:85:Infinity":50,"b:81:15:81:36:81:36:81:59":11,"s:82:6:82:Infinity":51,"s:83:6:83:Infinity":52,"b:84:15:85:Infinity:undefined:undefined:undefined:undefined":12,"s:84:15:85:Infinity":53,"s:85:6:85:Infinity":54,"f:89:2:89:10":16,"s:89:33:89:Infinity":55,"f:90:2:90:10":17,"s:90:33:90:71":56,"s:90:71:90:Infinity":57}}}
,"/home/pavlo_smahin/IdeaProjects/folio-api-dependencies/src/core/fetcher.ts": {"path":"/home/pavlo_smahin/IdeaProjects/folio-api-dependencies/src/core/fetcher.ts","statementMap":{"0":{"start":{"line":7,"column":16},"end":{"line":7,"column":32}},"1":{"start":{"line":8,"column":4},"end":{"line":9,"column":null}},"2":{"start":{"line":9,"column":6},"end":{"line":9,"column":null}},"3":{"start":{"line":11,"column":4},"end":{"line":11,"column":null}}},"fnMap":{"0":{"name":"(anonymous_0)","decl":{"start":{"line":6,"column":8},"end":{"line":6,"column":21}},"loc":{"start":{"line":6,"column":46},"end":{"line":11,"column":null}},"line":6}},"branchMap":{"0":{"loc":{"start":{"line":8,"column":4},"end":{"line":9,"column":null}},"type":"if","locations":[{"start":{"line":8,"column":4},"end":{"line":9,"column":null}},{"start":{},"end":{}}],"line":8}},"s":{"0":2,"1":2,"2":1,"3":1},"f":{"0":2},"b":{"0":[1,1]},"meta":{"lastBranch":1,"lastFunction":1,"lastStatement":4,"seen":{"f:6:8:6:21":0,"s:7:16:7:32":0,"b:8:4:9:Infinity:undefined:undefined:undefined:undefined":0,"s:8:4:9:Infinity":1,"s:9:6:9:Infinity":2,"s:11:4:11:Infinity":3}}}
,"/home/pavlo_smahin/IdeaProjects/folio-api-dependencies/src/core/utils.ts": {"path":"/home/pavlo_smahin/IdeaProjects/folio-api-dependencies/src/core/utils.ts","statementMap":{"0":{"start":{"line":2,"column":16},"end":{"line":2,"column":39}},"1":{"start":{"line":3,"column":2},"end":{"line":3,"column":null}},"2":{"start":{"line":10,"column":2},"end":{"line":10,"column":null}},"3":{"start":{"line":10,"column":37},"end":{"line":10,"column":null}},"4":{"start":{"line":12,"column":2},"end":{"line":32,"column":null}},"5":{"start":{"line":13,"column":21},"end":{"line":13,"column":46}},"6":{"start":{"line":14,"column":21},"end":{"line":14,"column":62}},"7":{"start":{"line":15,"column":4},"end":{"line":15,"column":null}},"8":{"start":{"line":15,"column":27},"end":{"line":15,"column":null}},"9":{"start":{"line":17,"column":24},"end":{"line":17,"column":null}},"10":{"start":{"line":18,"column":4},"end":{"line":29,"column":null}},"11":{"start":{"line":19,"column":24},"end":{"line":19,"column":49}},"12":{"start":{"line":20,"column":24},"end":{"line":20,"column":65}},"13":{"start":{"line":21,"column":6},"end":{"line":21,"column":null}},"14":{"start":{"line":21,"column":30},"end":{"line":21,"column":null}},"15":{"start":{"line":22,"column":6},"end":{"line":29,"column":null}},"16":{"start":{"line":23,"column":8},"end":{"line":26,"column":null}},"17":{"start":{"line":24,"column":10},"end":{"line":24,"column":null}},"18":{"start":{"line":26,"column":10},"end":{"line":26,"column":null}},"19":{"start":{"line":29,"column":8},"end":{"line":29,"column":null}},"20":{"start":{"line":32,"column":4},"end":{"line":32,"column":null}},"21":{"start":{"line":32,"column":24},"end":{"line":32,"column":null}},"22":{"start":{"line":35,"column":2},"end":{"line":35,"column":null}},"23":{"start":{"line":39,"column":2},"end":{"line":39,"column":null}},"24":{"start":{"line":50,"column":2},"end":{"line":56,"column":null}},"25":{"start":{"line":51,"column":23},"end":{"line":51,"column":null}},"26":{"start":{"line":52,"column":27},"end":{"line":52,"column":null}},"27":{"start":{"line":53,"column":27},"end":{"line":53,"column":null}},"28":{"start":{"line":54,"column":24},"end":{"line":54,"column":null}},"29":{"start":{"line":55,"column":33},"end":{"line":55,"column":null}},"30":{"start":{"line":56,"column":13},"end":{"line":56,"column":null}},"31":{"start":{"line":61,"column":43},"end":{"line":61,"column":45}},"32":{"start":{"line":62,"column":2},"end":{"line":64,"column":null}},"33":{"start":{"line":63,"column":4},"end":{"line":63,"column":null}},"34":{"start":{"line":63,"column":31},"end":{"line":63,"column":null}},"35":{"start":{"line":64,"column":4},"end":{"line":64,"column":null}},"36":{"start":{"line":66,"column":2},"end":{"line":66,"column":null}},"37":{"start":{"line":66,"column":70},"end":{"line":66,"column":88}},"38":{"start":{"line":70,"column":2},"end":{"line":70,"column":null}},"39":{"start":{"line":70,"column":13},"end":{"line":70,"column":null}},"40":{"start":{"line":71,"column":14},"end":{"line":71,"column":60}},"41":{"start":{"line":72,"column":2},"end":{"line":72,"column":null}},"42":{"start":{"line":72,"column":18},"end":{"line":72,"column":null}},"43":{"start":{"line":73,"column":2},"end":{"line":76,"column":null}},"44":{"start":{"line":82,"column":2},"end":{"line":84,"column":null}},"45":{"start":{"line":83,"column":4},"end":{"line":83,"column":null}},"46":{"start":{"line":84,"column":4},"end":{"line":84,"column":null}},"47":{"start":{"line":84,"column":29},"end":{"line":84,"column":42}},"48":{"start":{"line":89,"column":14},"end":{"line":89,"column":null}},"49":{"start":{"line":90,"column":18},"end":{"line":90,"column":106}},"50":{"start":{"line":90,"column":38},"end":{"line":90,"column":94}},"51":{"start":{"line":90,"column":52},"end":{"line":90,"column":84}},"52":{"start":{"line":91,"column":15},"end":{"line":91,"column":71}},"53":{"start":{"line":92,"column":14},"end":{"line":92,"column":39}},"54":{"start":{"line":93,"column":12},"end":{"line":93,"column":39}},"55":{"start":{"line":94,"column":2},"end":{"line":94,"column":null}},"56":{"start":{"line":95,"column":2},"end":{"line":95,"column":null}},"57":{"start":{"line":96,"column":2},"end":{"line":96,"column":null}},"58":{"start":{"line":97,"column":2},"end":{"line":97,"column":null}},"59":{"start":{"line":97,"column":19},"end":{"line":97,"column":43}},"60":{"start":{"line":101,"column":17},"end":{"line":101,"column":60}},"61":{"start":{"line":102,"column":2},"end":{"line":102,"column":null}}},"fnMap":{"0":{"name":"getMajorVersion","decl":{"start":{"line":1,"column":16},"end":{"line":1,"column":32}},"loc":{"start":{"line":1,"column":64},"end":{"line":3,"column":null}},"line":1},"1":{"name":"getVersionMismatchType","decl":{"start":{"line":6,"column":16},"end":{"line":6,"column":null}},"loc":{"start":{"line":9,"column":10},"end":{"line":35,"column":null}},"line":9},"2":{"name":"isMismatch","decl":{"start":{"line":38,"column":16},"end":{"line":38,"column":27}},"loc":{"start":{"line":38,"column":92},"end":{"line":39,"column":null}},"line":38},"3":{"name":"getMismatchDisplay","decl":{"start":{"line":49,"column":16},"end":{"line":49,"column":35}},"loc":{"start":{"line":49,"column":81},"end":{"line":56,"column":null}},"line":49},"4":{"name":"groupByModule","decl":{"start":{"line":60,"column":16},"end":{"line":60,"column":30}},"loc":{"start":{"line":60,"column":104},"end":{"line":66,"column":null}},"line":60},"5":{"name":"(anonymous_5)","decl":{"start":{"line":66,"column":51},"end":{"line":66,"column":57}},"loc":{"start":{"line":66,"column":70},"end":{"line":66,"column":88}},"line":66},"6":{"name":"highlight","decl":{"start":{"line":69,"column":16},"end":{"line":69,"column":26}},"loc":{"start":{"line":69,"column":62},"end":{"line":76,"column":null}},"line":69},"7":{"name":"debounce","decl":{"start":{"line":80,"column":16},"end":{"line":80,"column":65}},"loc":{"start":{"line":80,"column":91},"end":{"line":84,"column":null}},"line":80},"8":{"name":"(anonymous_8)","decl":{"start":{"line":82,"column":2},"end":{"line":82,"column":11}},"loc":{"start":{"line":82,"column":34},"end":{"line":84,"column":null}},"line":82},"9":{"name":"(anonymous_9)","decl":{"start":{"line":84,"column":12},"end":{"line":84,"column":29}},"loc":{"start":{"line":84,"column":29},"end":{"line":84,"column":42}},"line":84},"10":{"name":"downloadCSV","decl":{"start":{"line":88,"column":16},"end":{"line":88,"column":28}},"loc":{"start":{"line":88,"column":70},"end":{"line":97,"column":null}},"line":88},"11":{"name":"(anonymous_11)","decl":{"start":{"line":90,"column":29},"end":{"line":90,"column":33}},"loc":{"start":{"line":90,"column":38},"end":{"line":90,"column":94}},"line":90},"12":{"name":"(anonymous_12)","decl":{"start":{"line":90,"column":40},"end":{"line":90,"column":44}},"loc":{"start":{"line":90,"column":52},"end":{"line":90,"column":84}},"line":90},"13":{"name":"(anonymous_13)","decl":{"start":{"line":97,"column":2},"end":{"line":97,"column":19}},"loc":{"start":{"line":97,"column":19},"end":{"line":97,"column":43}},"line":97},"14":{"name":"getQueryParam","decl":{"start":{"line":100,"column":16},"end":{"line":100,"column":30}},"loc":{"start":{"line":100,"column":59},"end":{"line":102,"column":null}},"line":100}},"branchMap":{"0":{"loc":{"start":{"line":3,"column":9},"end":{"line":3,"column":null}},"type":"cond-expr","locations":[{"start":{"line":3,"column":17},"end":{"line":3,"column":39}},{"start":{"line":3,"column":42},"end":{"line":3,"column":null}}],"line":3},"1":{"loc":{"start":{"line":10,"column":2},"end":{"line":10,"column":null}},"type":"if","locations":[{"start":{"line":10,"column":2},"end":{"line":10,"column":null}},{"start":{},"end":{}}],"line":10},"2":{"loc":{"start":{"line":14,"column":32},"end":{"line":14,"column":62}},"type":"binary-expr","locations":[{"start":{"line":14,"column":32},"end":{"line":14,"column":58}},{"start":{"line":14,"column":58},"end":{"line":14,"column":62}}],"line":14},"3":{"loc":{"start":{"line":15,"column":4},"end":{"line":15,"column":null}},"type":"if","locations":[{"start":{"line":15,"column":4},"end":{"line":15,"column":null}},{"start":{},"end":{}}],"line":15},"4":{"loc":{"start":{"line":20,"column":35},"end":{"line":20,"column":65}},"type":"binary-expr","locations":[{"start":{"line":20,"column":35},"end":{"line":20,"column":61}},{"start":{"line":20,"column":61},"end":{"line":20,"column":65}}],"line":20},"5":{"loc":{"start":{"line":21,"column":6},"end":{"line":21,"column":null}},"type":"if","locations":[{"start":{"line":21,"column":6},"end":{"line":21,"column":null}},{"start":{},"end":{}}],"line":21},"6":{"loc":{"start":{"line":22,"column":6},"end":{"line":29,"column":null}},"type":"if","locations":[{"start":{"line":22,"column":6},"end":{"line":29,"column":null}},{"start":{"line":28,"column":13},"end":{"line":29,"column":null}}],"line":22},"7":{"loc":{"start":{"line":23,"column":8},"end":{"line":26,"column":null}},"type":"if","locations":[{"start":{"line":23,"column":8},"end":{"line":26,"column":null}},{"start":{"line":25,"column":15},"end":{"line":26,"column":null}}],"line":23},"8":{"loc":{"start":{"line":32,"column":4},"end":{"line":32,"column":null}},"type":"if","locations":[{"start":{"line":32,"column":4},"end":{"line":32,"column":null}},{"start":{},"end":{}}],"line":32},"9":{"loc":{"start":{"line":50,"column":2},"end":{"line":56,"column":null}},"type":"switch","locations":[{"start":{"line":51,"column":4},"end":{"line":51,"column":null}},{"start":{"line":52,"column":4},"end":{"line":52,"column":null}},{"start":{"line":53,"column":4},"end":{"line":53,"column":null}},{"start":{"line":54,"column":4},"end":{"line":54,"column":null}},{"start":{"line":55,"column":4},"end":{"line":55,"column":null}},{"start":{"line":56,"column":4},"end":{"line":56,"column":null}}],"line":50},"10":{"loc":{"start":{"line":63,"column":4},"end":{"line":63,"column":null}},"type":"if","locations":[{"start":{"line":63,"column":4},"end":{"line":63,"column":null}},{"start":{},"end":{}}],"line":63},"11":{"loc":{"start":{"line":70,"column":2},"end":{"line":70,"column":null}},"type":"if","locations":[{"start":{"line":70,"column":2},"end":{"line":70,"column":null}},{"start":{},"end":{}}],"line":70},"12":{"loc":{"start":{"line":72,"column":2},"end":{"line":72,"column":null}},"type":"if","locations":[{"start":{"line":72,"column":2},"end":{"line":72,"column":null}},{"start":{},"end":{}}],"line":72}},"s":{"0":13,"1":13,"2":6,"3":1,"4":5,"5":5,"6":5,"7":5,"8":0,"9":5,"10":5,"11":5,"12":5,"13":5,"14":0,"15":5,"16":3,"17":2,"18":1,"19":2,"20":2,"21":0,"22":2,"23":2,"24":2,"25":1,"26":1,"27":0,"28":0,"29":0,"30":0,"31":2,"32":2,"33":5,"34":4,"35":5,"36":2,"37":2,"38":15,"39":8,"40":7,"41":7,"42":1,"43":6,"44":10,"45":10,"46":10,"47":8,"48":3,"49":3,"50":10,"51":36,"52":3,"53":3,"54":3,"55":3,"56":3,"57":3,"58":3,"59":0,"60":0,"61":0},"f":{"0":13,"1":6,"2":2,"3":2,"4":2,"5":2,"6":15,"7":10,"8":10,"9":8,"10":3,"11":10,"12":36,"13":0,"14":0},"b":{"0":[11,2],"1":[1,5],"2":[5,0],"3":[0,5],"4":[5,0],"5":[0,5],"6":[3,2],"7":[2,1],"8":[0,2],"9":[1,1,0,0,0,0],"10":[4,1],"11":[8,7],"12":[1,6]},"meta":{"lastBranch":13,"lastFunction":15,"lastStatement":62,"seen":{"f:1:16:1:32":0,"s:2:16:2:39":0,"s:3:2:3:Infinity":1,"b:3:17:3:39:3:42:3:Infinity":0,"f:6:16:6:Infinity":1,"b:10:2:10:Infinity:undefined:undefined:undefined:undefined":1,"s:10:2:10:Infinity":2,"s:10:37:10:Infinity":3,"s:12:2:32:Infinity":4,"s:13:21:13:46":5,"s:14:21:14:62":6,"b:14:32:14:58:14:58:14:62":2,"b:15:4:15:Infinity:undefined:undefined:undefined:undefined":3,"s:15:4:15:Infinity":7,"s:15:27:15:Infinity":8,"s:17:24:17:Infinity":9,"s:18:4:29:Infinity":10,"s:19:24:19:49":11,"s:20:24:20:65":12,"b:20:35:20:61:20:61:20:65":4,"b:21:6:21:Infinity:undefined:undefined:undefined:undefined":5,"s:21:6:21:Infinity":13,"s:21:30:21:Infinity":14,"b:22:6:29:Infinity:28:13:29:Infinity":6,"s:22:6:29:Infinity":15,"b:23:8:26:Infinity:25:15:26:Infinity":7,"s:23:8:26:Infinity":16,"s:24:10:24:Infinity":17,"s:26:10:26:Infinity":18,"s:29:8:29:Infinity":19,"b:32:4:32:Infinity:undefined:undefined:undefined:undefined":8,"s:32:4:32:Infinity":20,"s:32:24:32:Infinity":21,"s:35:2:35:Infinity":22,"f:38:16:38:27":2,"s:39:2:39:Infinity":23,"f:49:16:49:35":3,"b:51:4:51:Infinity:52:4:52:Infinity:53:4:53:Infinity:54:4:54:Infinity:55:4:55:Infinity:56:4:56:Infinity":9,"s:50:2:56:Infinity":24,"s:51:23:51:Infinity":25,"s:52:27:52:Infinity":26,"s:53:27:53:Infinity":27,"s:54:24:54:Infinity":28,"s:55:33:55:Infinity":29,"s:56:13:56:Infinity":30,"f:60:16:60:30":4,"s:61:43:61:45":31,"s:62:2:64:Infinity":32,"b:63:4:63:Infinity:undefined:undefined:undefined:undefined":10,"s:63:4:63:Infinity":33,"s:63:31:63:Infinity":34,"s:64:4:64:Infinity":35,"s:66:2:66:Infinity":36,"f:66:51:66:57":5,"s:66:70:66:88":37,"f:69:16:69:26":6,"b:70:2:70:Infinity:undefined:undefined:undefined:undefined":11,"s:70:2:70:Infinity":38,"s:70:13:70:Infinity":39,"s:71:14:71:60":40,"b:72:2:72:Infinity:undefined:undefined:undefined:undefined":12,"s:72:2:72:Infinity":41,"s:72:18:72:Infinity":42,"s:73:2:76:Infinity":43,"f:80:16:80:65":7,"s:82:2:84:Infinity":44,"f:82:2:82:11":8,"s:83:4:83:Infinity":45,"s:84:4:84:Infinity":46,"f:84:12:84:29":9,"s:84:29:84:42":47,"f:88:16:88:28":10,"s:89:14:89:Infinity":48,"s:90:18:90:106":49,"f:90:29:90:33":11,"s:90:38:90:94":50,"f:90:40:90:44":12,"s:90:52:90:84":51,"s:91:15:91:71":52,"s:92:14:92:39":53,"s:93:12:93:39":54,"s:94:2:94:Infinity":55,"s:95:2:95:Infinity":56,"s:96:2:96:Infinity":57,"s:97:2:97:Infinity":58,"f:97:2:97:19":13,"s:97:19:97:43":59,"f:100:16:100:30":14,"s:101:17:101:60":60,"s:102:2:102:Infinity":61}}}
,"/home/pavlo_smahin/IdeaProjects/folio-api-dependencies/src/managers/ApiManager.ts": {"path":"/home/pavlo_smahin/IdeaProjects/folio-api-dependencies/src/managers/ApiManager.ts","statementMap":{"0":{"start":{"line":6,"column":40},"end":{"line":6,"column":null}},"1":{"start":{"line":8,"column":22},"end":{"line":8,"column":39}},"2":{"start":{"line":8,"column":47},"end":{"line":8,"column":71}},"3":{"start":{"line":11,"column":4},"end":{"line":11,"column":null}},"4":{"start":{"line":12,"column":18},"end":{"line":12,"column":65}},"5":{"start":{"line":13,"column":4},"end":{"line":15,"column":null}},"6":{"start":{"line":14,"column":6},"end":{"line":14,"column":null}},"7":{"start":{"line":15,"column":6},"end":{"line":15,"column":null}},"8":{"start":{"line":17,"column":4},"end":{"line":21,"column":null}},"9":{"start":{"line":24,"column":4},"end":{"line":26,"column":null}},"10":{"start":{"line":25,"column":6},"end":{"line":25,"column":null}},"11":{"start":{"line":30,"column":4},"end":{"line":30,"column":null}},"12":{"start":{"line":30,"column":27},"end":{"line":30,"column":null}},"13":{"start":{"line":31,"column":4},"end":{"line":31,"column":null}},"14":{"start":{"line":31,"column":49},"end":{"line":31,"column":98}},"15":{"start":{"line":38,"column":19},"end":{"line":38,"column":null}},"16":{"start":{"line":39,"column":33},"end":{"line":43,"column":null}},"17":{"start":{"line":40,"column":33},"end":{"line":40,"column":74}},"18":{"start":{"line":41,"column":33},"end":{"line":41,"column":74}},"19":{"start":{"line":42,"column":33},"end":{"line":42,"column":null}},"20":{"start":{"line":44,"column":4},"end":{"line":44,"column":null}}},"fnMap":{"0":{"name":"(anonymous_0)","decl":{"start":{"line":8,"column":2},"end":{"line":8,"column":14}},"loc":{"start":{"line":8,"column":71},"end":{"line":8,"column":71}},"line":8},"1":{"name":"(anonymous_1)","decl":{"start":{"line":10,"column":2},"end":{"line":10,"column":12}},"loc":{"start":{"line":10,"column":33},"end":{"line":26,"column":null}},"line":10},"2":{"name":"(anonymous_2)","decl":{"start":{"line":24,"column":70},"end":{"line":24,"column":85}},"loc":{"start":{"line":24,"column":85},"end":{"line":26,"column":null}},"line":24},"3":{"name":"(anonymous_3)","decl":{"start":{"line":29,"column":2},"end":{"line":29,"column":10}},"loc":{"start":{"line":29,"column":70},"end":{"line":31,"column":null}},"line":29},"4":{"name":"(anonymous_4)","decl":{"start":{"line":31,"column":40},"end":{"line":31,"column":44}},"loc":{"start":{"line":31,"column":49},"end":{"line":31,"column":98}},"line":31},"5":{"name":"(anonymous_5)","decl":{"start":{"line":34,"column":2},"end":{"line":34,"column":10}},"loc":{"start":{"line":37,"column":10},"end":{"line":44,"column":null}},"line":37},"6":{"name":"(anonymous_6)","decl":{"start":{"line":40,"column":24},"end":{"line":40,"column":28}},"loc":{"start":{"line":40,"column":33},"end":{"line":40,"column":74}},"line":40},"7":{"name":"(anonymous_7)","decl":{"start":{"line":41,"column":24},"end":{"line":41,"column":28}},"loc":{"start":{"line":41,"column":33},"end":{"line":41,"column":74}},"line":41},"8":{"name":"(anonymous_8)","decl":{"start":{"line":42,"column":24},"end":{"line":42,"column":28}},"loc":{"start":{"line":42,"column":33},"end":{"line":42,"column":null}},"line":42}},"branchMap":{"0":{"loc":{"start":{"line":13,"column":4},"end":{"line":15,"column":null}},"type":"if","locations":[{"start":{"line":13,"column":4},"end":{"line":15,"column":null}},{"start":{},"end":{}}],"line":13},"1":{"loc":{"start":{"line":30,"column":4},"end":{"line":30,"column":null}},"type":"if","locations":[{"start":{"line":30,"column":4},"end":{"line":30,"column":null}},{"start":{},"end":{}}],"line":30}},"s":{"0":3,"1":3,"2":3,"3":3,"4":3,"5":3,"6":1,"7":1,"8":2,"9":2,"10":1,"11":6,"12":0,"13":6,"14":6,"15":1,"16":1,"17":1,"18":1,"19":1,"20":1},"f":{"0":3,"1":3,"2":1,"3":6,"4":6,"5":1,"6":1,"7":1,"8":1},"b":{"0":[1,2],"1":[0,6]},"meta":{"lastBranch":2,"lastFunction":9,"lastStatement":21,"seen":{"s:6:40:6:Infinity":0,"f:8:2:8:14":0,"s:8:22:8:39":1,"s:8:47:8:71":2,"f:10:2:10:12":1,"s:11:4:11:Infinity":3,"s:12:18:12:65":4,"b:13:4:15:Infinity:undefined:undefined:undefined:undefined":0,"s:13:4:15:Infinity":5,"s:14:6:14:Infinity":6,"s:15:6:15:Infinity":7,"s:17:4:21:Infinity":8,"s:24:4:26:Infinity":9,"f:24:70:24:85":2,"s:25:6:25:Infinity":10,"f:29:2:29:10":3,"b:30:4:30:Infinity:undefined:undefined:undefined:undefined":1,"s:30:4:30:Infinity":11,"s:30:27:30:Infinity":12,"s:31:4:31:Infinity":13,"f:31:40:31:44":4,"s:31:49:31:98":14,"f:34:2:34:10":5,"s:38:19:38:Infinity":15,"s:39:33:43:Infinity":16,"f:40:24:40:28":6,"s:40:33:40:74":17,"f:41:24:41:28":7,"s:41:33:41:74":18,"f:42:24:42:28":8,"s:42:33:42:Infinity":19,"s:44:4:44:Infinity":20}}}
,"/home/pavlo_smahin/IdeaProjects/folio-api-dependencies/src/managers/AppsManager.ts": {"path":"/home/pavlo_smahin/IdeaProjects/folio-api-dependencies/src/managers/AppsManager.ts","statementMap":{"0":{"start":{"line":4,"column":44},"end":{"line":4,"column":53}},"1":{"start":{"line":6,"column":22},"end":{"line":6,"column":46}},"2":{"start":{"line":9,"column":4},"end":{"line":9,"column":null}},"3":{"start":{"line":10,"column":4},"end":{"line":10,"column":null}},"4":{"start":{"line":11,"column":21},"end":{"line":11,"column":54}},"5":{"start":{"line":12,"column":4},"end":{"line":13,"column":null}},"6":{"start":{"line":13,"column":6},"end":{"line":13,"column":null}},"7":{"start":{"line":15,"column":4},"end":{"line":15,"column":null}},"8":{"start":{"line":19,"column":18},"end":{"line":19,"column":36}},"9":{"start":{"line":20,"column":4},"end":{"line":22,"column":null}},"10":{"start":{"line":21,"column":6},"end":{"line":21,"column":null}},"11":{"start":{"line":26,"column":28},"end":{"line":26,"column":73}},"12":{"start":{"line":27,"column":16},"end":{"line":27,"column":45}},"13":{"start":{"line":28,"column":4},"end":{"line":28,"column":null}},"14":{"start":{"line":29,"column":4},"end":{"line":29,"column":null}},"15":{"start":{"line":31,"column":21},"end":{"line":34,"column":15}},"16":{"start":{"line":32,"column":18},"end":{"line":32,"column":null}},"17":{"start":{"line":33,"column":6},"end":{"line":33,"column":null}},"18":{"start":{"line":36,"column":24},"end":{"line":36,"column":102}},"19":{"start":{"line":36,"column":46},"end":{"line":36,"column":93}},"20":{"start":{"line":37,"column":19},"end":{"line":37,"column":99}},"21":{"start":{"line":37,"column":43},"end":{"line":37,"column":90}},"22":{"start":{"line":39,"column":4},"end":{"line":44,"column":null}},"23":{"start":{"line":46,"column":4},"end":{"line":46,"column":null}}},"fnMap":{"0":{"name":"(anonymous_0)","decl":{"start":{"line":6,"column":2},"end":{"line":6,"column":14}},"loc":{"start":{"line":6,"column":46},"end":{"line":6,"column":46}},"line":6},"1":{"name":"(anonymous_1)","decl":{"start":{"line":8,"column":2},"end":{"line":8,"column":7}},"loc":{"start":{"line":8,"column":65},"end":{"line":15,"column":null}},"line":8},"2":{"name":"(anonymous_2)","decl":{"start":{"line":18,"column":2},"end":{"line":18,"column":9}},"loc":{"start":{"line":18,"column":29},"end":{"line":22,"column":null}},"line":18},"3":{"name":"(anonymous_3)","decl":{"start":{"line":20,"column":62},"end":{"line":20,"column":70}},"loc":{"start":{"line":20,"column":78},"end":{"line":22,"column":null}},"line":20},"4":{"name":"(anonymous_4)","decl":{"start":{"line":25,"column":2},"end":{"line":25,"column":10}},"loc":{"start":{"line":25,"column":75},"end":{"line":46,"column":null}},"line":25},"5":{"name":"(anonymous_5)","decl":{"start":{"line":31,"column":39},"end":{"line":31,"column":43}},"loc":{"start":{"line":31,"column":50},"end":{"line":34,"column":7}},"line":31},"6":{"name":"(anonymous_6)","decl":{"start":{"line":36,"column":37},"end":{"line":36,"column":41}},"loc":{"start":{"line":36,"column":46},"end":{"line":36,"column":93}},"line":36},"7":{"name":"(anonymous_7)","decl":{"start":{"line":37,"column":34},"end":{"line":37,"column":38}},"loc":{"start":{"line":37,"column":43},"end":{"line":37,"column":90}},"line":37}},"branchMap":{"0":{"loc":{"start":{"line":21,"column":17},"end":{"line":21,"column":null}},"type":"cond-expr","locations":[{"start":{"line":21,"column":85},"end":{"line":21,"column":90}},{"start":{"line":21,"column":90},"end":{"line":21,"column":null}}],"line":21},"1":{"loc":{"start":{"line":21,"column":28},"end":{"line":21,"column":53}},"type":"binary-expr","locations":[{"start":{"line":21,"column":28},"end":{"line":21,"column":49}},{"start":{"line":21,"column":49},"end":{"line":21,"column":53}}],"line":21},"2":{"loc":{"start":{"line":26,"column":28},"end":{"line":26,"column":73}},"type":"binary-expr","locations":[{"start":{"line":26,"column":28},"end":{"line":26,"column":60}},{"start":{"line":26,"column":64},"end":{"line":26,"column":73}}],"line":26},"3":{"loc":{"start":{"line":32,"column":18},"end":{"line":32,"column":null}},"type":"cond-expr","locations":[{"start":{"line":32,"column":50},"end":{"line":32,"column":65}},{"start":{"line":32,"column":65},"end":{"line":32,"column":null}}],"line":32},"4":{"loc":{"start":{"line":42,"column":8},"end":{"line":42,"column":null}},"type":"cond-expr","locations":[{"start":{"line":42,"column":19},"end":{"line":42,"column":65}},{"start":{"line":42,"column":65},"end":{"line":42,"column":null}}],"line":42},"5":{"loc":{"start":{"line":43,"column":8},"end":{"line":43,"column":null}},"type":"cond-expr","locations":[{"start":{"line":43,"column":22},"end":{"line":43,"column":74}},{"start":{"line":43,"column":74},"end":{"line":43,"column":null}}],"line":43},"6":{"loc":{"start":{"line":44,"column":8},"end":{"line":44,"column":null}},"type":"cond-expr","locations":[{"start":{"line":44,"column":17},"end":{"line":44,"column":59}},{"start":{"line":44,"column":59},"end":{"line":44,"column":null}}],"line":44}},"s":{"0":3,"1":3,"2":3,"3":3,"4":3,"5":3,"6":6,"7":3,"8":1,"9":1,"10":2,"11":6,"12":6,"13":6,"14":6,"15":6,"16":3,"17":3,"18":6,"19":3,"20":6,"21":0,"22":6,"23":6},"f":{"0":3,"1":3,"2":1,"3":2,"4":6,"5":3,"6":3,"7":0},"b":{"0":[1,1],"1":[2,0],"2":[6,5],"3":[1,2],"4":[3,3],"5":[3,3],"6":[0,6]},"meta":{"lastBranch":7,"lastFunction":8,"lastStatement":24,"seen":{"s:4:44:4:53":0,"f:6:2:6:14":0,"s:6:22:6:46":1,"f:8:2:8:7":1,"s:9:4:9:Infinity":2,"s:10:4:10:Infinity":3,"s:11:21:11:54":4,"s:12:4:13:Infinity":5,"s:13:6:13:Infinity":6,"s:15:4:15:Infinity":7,"f:18:2:18:9":2,"s:19:18:19:36":8,"s:20:4:22:Infinity":9,"f:20:62:20:70":3,"s:21:6:21:Infinity":10,"b:21:85:21:90:21:90:21:Infinity":0,"b:21:28:21:49:21:49:21:53":1,"f:25:2:25:10":4,"s:26:28:26:73":11,"b:26:28:26:60:26:64:26:73":2,"s:27:16:27:45":12,"s:28:4:28:Infinity":13,"s:29:4:29:Infinity":14,"s:31:21:34:15":15,"f:31:39:31:43":5,"s:32:18:32:Infinity":16,"b:32:50:32:65:32:65:32:Infinity":3,"s:33:6:33:Infinity":17,"s:36:24:36:102":18,"f:36:37:36:41":6,"s:36:46:36:93":19,"s:37:19:37:99":20,"f:37:34:37:38":7,"s:37:43:37:90":21,"s:39:4:44:Infinity":22,"b:42:19:42:65:42:65:42:Infinity":4,"b:43:22:43:74:43:74:43:Infinity":5,"b:44:17:44:59:44:59:44:Infinity":6,"s:46:4:46:Infinity":23}}}
,"/home/pavlo_smahin/IdeaProjects/folio-api-dependencies/src/managers/DataManager.ts": {"path":"/home/pavlo_smahin/IdeaProjects/folio-api-dependencies/src/managers/DataManager.ts","statementMap":{"0":{"start":{"line":6,"column":22},"end":{"line":6,"column":40}},"1":{"start":{"line":6,"column":48},"end":{"line":6,"column":65}},"2":{"start":{"line":9,"column":28},"end":{"line":12,"column":6}},"3":{"start":{"line":13,"column":4},"end":{"line":13,"column":null}},"4":{"start":{"line":14,"column":4},"end":{"line":14,"column":null}},"5":{"start":{"line":16,"column":17},"end":{"line":16,"column":42}},"6":{"start":{"line":17,"column":4},"end":{"line":17,"column":null}},"7":{"start":{"line":18,"column":4},"end":{"line":18,"column":null}},"8":{"start":{"line":19,"column":4},"end":{"line":19,"column":null}},"9":{"start":{"line":23,"column":4},"end":{"line":23,"column":null}},"10":{"start":{"line":27,"column":34},"end":{"line":27,"column":36}},"11":{"start":{"line":28,"column":4},"end":{"line":31,"column":null}},"12":{"start":{"line":29,"column":6},"end":{"line":31,"column":null}},"13":{"start":{"line":30,"column":8},"end":{"line":31,"column":null}},"14":{"start":{"line":31,"column":10},"end":{"line":31,"column":null}},"15":{"start":{"line":35,"column":4},"end":{"line":35,"column":null}},"16":{"start":{"line":39,"column":28},"end":{"line":39,"column":37}},"17":{"start":{"line":40,"column":4},"end":{"line":45,"column":null}},"18":{"start":{"line":41,"column":6},"end":{"line":42,"column":null}},"19":{"start":{"line":42,"column":8},"end":{"line":42,"column":null}},"20":{"start":{"line":44,"column":20},"end":{"line":44,"column":38}},"21":{"start":{"line":45,"column":6},"end":{"line":45,"column":null}},"22":{"start":{"line":47,"column":4},"end":{"line":47,"column":null}},"23":{"start":{"line":51,"column":16},"end":{"line":51,"column":43}},"24":{"start":{"line":52,"column":10},"end":{"line":54,"column":null}},"25":{"start":{"line":53,"column":6},"end":{"line":53,"column":null}},"26":{"start":{"line":53,"column":26},"end":{"line":53,"column":null}},"27":{"start":{"line":54,"column":6},"end":{"line":54,"column":null}},"28":{"start":{"line":56,"column":4},"end":{"line":62,"column":null}},"29":{"start":{"line":57,"column":6},"end":{"line":57,"column":null}},"30":{"start":{"line":57,"column":47},"end":{"line":57,"column":null}},"31":{"start":{"line":58,"column":6},"end":{"line":62,"column":null}},"32":{"start":{"line":59,"column":27},"end":{"line":59,"column":79}},"33":{"start":{"line":60,"column":8},"end":{"line":60,"column":null}},"34":{"start":{"line":61,"column":8},"end":{"line":61,"column":null}},"35":{"start":{"line":62,"column":8},"end":{"line":62,"column":null}},"36":{"start":{"line":65,"column":4},"end":{"line":65,"column":null}}},"fnMap":{"0":{"name":"(anonymous_0)","decl":{"start":{"line":6,"column":2},"end":{"line":6,"column":14}},"loc":{"start":{"line":6,"column":65},"end":{"line":6,"column":65}},"line":6},"1":{"name":"(anonymous_1)","decl":{"start":{"line":8,"column":8},"end":{"line":8,"column":30}},"loc":{"start":{"line":8,"column":30},"end":{"line":19,"column":null}},"line":8},"2":{"name":"(anonymous_2)","decl":{"start":{"line":22,"column":2},"end":{"line":22,"column":19}},"loc":{"start":{"line":22,"column":49},"end":{"line":23,"column":null}},"line":22},"3":{"name":"(anonymous_3)","decl":{"start":{"line":26,"column":2},"end":{"line":26,"column":10}},"loc":{"start":{"line":26,"column":56},"end":{"line":35,"column":null}},"line":26},"4":{"name":"(anonymous_4)","decl":{"start":{"line":38,"column":2},"end":{"line":38,"column":10}},"loc":{"start":{"line":38,"column":57},"end":{"line":47,"column":null}},"line":38},"5":{"name":"(anonymous_5)","decl":{"start":{"line":50,"column":2},"end":{"line":50,"column":10}},"loc":{"start":{"line":50,"column":73},"end":{"line":65,"column":null}},"line":50},"6":{"name":"(anonymous_6)","decl":{"start":{"line":52,"column":10},"end":{"line":52,"column":17}},"loc":{"start":{"line":52,"column":51},"end":{"line":54,"column":null}},"line":52}},"branchMap":{"0":{"loc":{"start":{"line":23,"column":11},"end":{"line":23,"column":64}},"type":"binary-expr","locations":[{"start":{"line":23,"column":11},"end":{"line":23,"column":58}},{"start":{"line":23,"column":62},"end":{"line":23,"column":64}}],"line":23},"1":{"loc":{"start":{"line":30,"column":28},"end":{"line":30,"column":50}},"type":"binary-expr","locations":[{"start":{"line":30,"column":28},"end":{"line":30,"column":48}},{"start":{"line":30,"column":48},"end":{"line":30,"column":50}}],"line":30},"2":{"loc":{"start":{"line":41,"column":6},"end":{"line":42,"column":null}},"type":"if","locations":[{"start":{"line":41,"column":6},"end":{"line":42,"column":null}},{"start":{},"end":{}}],"line":41},"3":{"loc":{"start":{"line":53,"column":6},"end":{"line":53,"column":null}},"type":"if","locations":[{"start":{"line":53,"column":6},"end":{"line":53,"column":null}},{"start":{},"end":{}}],"line":53},"4":{"loc":{"start":{"line":57,"column":24},"end":{"line":57,"column":45}},"type":"binary-expr","locations":[{"start":{"line":57,"column":24},"end":{"line":57,"column":43}},{"start":{"line":57,"column":43},"end":{"line":57,"column":45}}],"line":57},"5":{"loc":{"start":{"line":58,"column":26},"end":{"line":58,"column":49}},"type":"binary-expr","locations":[{"start":{"line":58,"column":26},"end":{"line":58,"column":47}},{"start":{"line":58,"column":47},"end":{"line":58,"column":49}}],"line":58}},"s":{"0":6,"1":6,"2":6,"3":6,"4":6,"5":6,"6":6,"7":6,"8":6,"9":0,"10":6,"11":6,"12":15,"13":45,"14":29,"15":6,"16":6,"17":6,"18":29,"19":15,"20":29,"21":29,"22":6,"23":6,"24":6,"25":24,"26":24,"27":24,"28":6,"29":8,"30":9,"31":8,"32":5,"33":5,"34":5,"35":5,"36":6},"f":{"0":6,"1":6,"2":0,"3":6,"4":6,"5":6,"6":24},"b":{"0":[0,0],"1":[45,0],"2":[15,14],"3":[24,0],"4":[8,0],"5":[8,0]},"meta":{"lastBranch":6,"lastFunction":7,"lastStatement":37,"seen":{"f:6:2:6:14":0,"s:6:22:6:40":0,"s:6:48:6:65":1,"f:8:8:8:30":1,"s:9:28:12:6":2,"s:13:4:13:Infinity":3,"s:14:4:14:Infinity":4,"s:16:17:16:42":5,"s:17:4:17:Infinity":6,"s:18:4:18:Infinity":7,"s:19:4:19:Infinity":8,"f:22:2:22:19":2,"s:23:4:23:Infinity":9,"b:23:11:23:58:23:62:23:64":0,"f:26:2:26:10":3,"s:27:34:27:36":10,"s:28:4:31:Infinity":11,"s:29:6:31:Infinity":12,"s:30:8:31:Infinity":13,"b:30:28:30:48:30:48:30:50":1,"s:31:10:31:Infinity":14,"s:35:4:35:Infinity":15,"f:38:2:38:10":4,"s:39:28:39:37":16,"s:40:4:45:Infinity":17,"b:41:6:42:Infinity:undefined:undefined:undefined:undefined":2,"s:41:6:42:Infinity":18,"s:42:8:42:Infinity":19,"s:44:20:44:38":20,"s:45:6:45:Infinity":21,"s:47:4:47:Infinity":22,"f:50:2:50:10":5,"s:51:16:51:43":23,"s:52:10:54:Infinity":24,"f:52:10:52:17":6,"b:53:6:53:Infinity:undefined:undefined:undefined:undefined":3,"s:53:6:53:Infinity":25,"s:53:26:53:Infinity":26,"s:54:6:54:Infinity":27,"s:56:4:62:Infinity":28,"s:57:6:57:Infinity":29,"b:57:24:57:43:57:43:57:45":4,"s:57:47:57:Infinity":30,"s:58:6:62:Infinity":31,"b:58:26:58:47:58:47:58:49":5,"s:59:27:59:79":32,"s:60:8:60:Infinity":33,"s:61:8:61:Infinity":34,"s:62:8:62:Infinity":35,"s:65:4:65:Infinity":36}}}
,"/home/pavlo_smahin/IdeaProjects/folio-api-dependencies/src/managers/TableManager.ts": {"path":"/home/pavlo_smahin/IdeaProjects/folio-api-dependencies/src/managers/TableManager.ts","statementMap":{"0":{"start":{"line":8,"column":47},"end":{"line":8,"column":56}},"1":{"start":{"line":11,"column":12},"end":{"line":11,"column":null}},"2":{"start":{"line":12,"column":12},"end":{"line":12,"column":null}},"3":{"start":{"line":13,"column":12},"end":{"line":13,"column":null}},"4":{"start":{"line":17,"column":4},"end":{"line":17,"column":null}},"5":{"start":{"line":18,"column":4},"end":{"line":18,"column":null}},"6":{"start":{"line":19,"column":21},"end":{"line":19,"column":54}},"7":{"start":{"line":20,"column":4},"end":{"line":27,"column":null}},"8":{"start":{"line":21,"column":34},"end":{"line":21,"column":48}},"9":{"start":{"line":22,"column":17},"end":{"line":22,"column":45}},"10":{"start":{"line":23,"column":6},"end":{"line":23,"column":null}},"11":{"start":{"line":24,"column":6},"end":{"line":24,"column":null}},"12":{"start":{"line":25,"column":6},"end":{"line":25,"column":null}},"13":{"start":{"line":26,"column":6},"end":{"line":26,"column":null}},"14":{"start":{"line":27,"column":6},"end":{"line":27,"column":null}},"15":{"start":{"line":29,"column":4},"end":{"line":29,"column":null}},"16":{"start":{"line":33,"column":16},"end":{"line":33,"column":43}},"17":{"start":{"line":34,"column":4},"end":{"line":37,"column":null}},"18":{"start":{"line":35,"column":18},"end":{"line":35,"column":null}},"19":{"start":{"line":36,"column":6},"end":{"line":36,"column":null}},"20":{"start":{"line":36,"column":25},"end":{"line":36,"column":null}},"21":{"start":{"line":37,"column":6},"end":{"line":37,"column":null}},"22":{"start":{"line":39,"column":4},"end":{"line":39,"column":null}},"23":{"start":{"line":43,"column":18},"end":{"line":43,"column":36}},"24":{"start":{"line":44,"column":4},"end":{"line":49,"column":null}},"25":{"start":{"line":45,"column":12},"end":{"line":47,"column":60}},"26":{"start":{"line":48,"column":6},"end":{"line":48,"column":null}},"27":{"start":{"line":53,"column":17},"end":{"line":53,"column":75}},"28":{"start":{"line":54,"column":4},"end":{"line":58,"column":null}},"29":{"start":{"line":55,"column":17},"end":{"line":55,"column":null}},"30":{"start":{"line":56,"column":17},"end":{"line":56,"column":null}},"31":{"start":{"line":57,"column":6},"end":{"line":57,"column":null}},"32":{"start":{"line":59,"column":4},"end":{"line":59,"column":null}},"33":{"start":{"line":59,"column":22},"end":{"line":59,"column":47}},"34":{"start":{"line":63,"column":19},"end":{"line":63,"column":null}},"35":{"start":{"line":64,"column":33},"end":{"line":64,"column":35}},"36":{"start":{"line":65,"column":4},"end":{"line":67,"column":null}},"37":{"start":{"line":66,"column":34},"end":{"line":66,"column":48}},"38":{"start":{"line":67,"column":6},"end":{"line":67,"column":null}},"39":{"start":{"line":69,"column":4},"end":{"line":69,"column":null}}},"fnMap":{"0":{"name":"(anonymous_0)","decl":{"start":{"line":10,"column":2},"end":{"line":10,"column":null}},"loc":{"start":{"line":14,"column":4},"end":{"line":13,"column":null}},"line":14},"1":{"name":"(anonymous_1)","decl":{"start":{"line":16,"column":2},"end":{"line":16,"column":14}},"loc":{"start":{"line":16,"column":43},"end":{"line":29,"column":null}},"line":16},"2":{"name":"(anonymous_2)","decl":{"start":{"line":32,"column":2},"end":{"line":32,"column":19}},"loc":{"start":{"line":32,"column":65},"end":{"line":39,"column":null}},"line":32},"3":{"name":"(anonymous_3)","decl":{"start":{"line":42,"column":2},"end":{"line":42,"column":14}},"loc":{"start":{"line":42,"column":34},"end":{"line":49,"column":null}},"line":42},"4":{"name":"(anonymous_4)","decl":{"start":{"line":44,"column":51},"end":{"line":44,"column":59}},"loc":{"start":{"line":44,"column":65},"end":{"line":49,"column":null}},"line":44},"5":{"name":"(anonymous_5)","decl":{"start":{"line":52,"column":2},"end":{"line":52,"column":9}},"loc":{"start":{"line":52,"column":68},"end":{"line":59,"column":null}},"line":52},"6":{"name":"(anonymous_6)","decl":{"start":{"line":54,"column":9},"end":{"line":54,"column":15}},"loc":{"start":{"line":54,"column":24},"end":{"line":58,"column":null}},"line":54},"7":{"name":"(anonymous_7)","decl":{"start":{"line":59,"column":9},"end":{"line":59,"column":17}},"loc":{"start":{"line":59,"column":22},"end":{"line":59,"column":47}},"line":59},"8":{"name":"(anonymous_8)","decl":{"start":{"line":62,"column":2},"end":{"line":62,"column":22}},"loc":{"start":{"line":62,"column":22},"end":{"line":69,"column":null}},"line":62}},"branchMap":{"0":{"loc":{"start":{"line":36,"column":6},"end":{"line":36,"column":null}},"type":"if","locations":[{"start":{"line":36,"column":6},"end":{"line":36,"column":null}},{"start":{},"end":{}}],"line":36},"1":{"loc":{"start":{"line":45,"column":12},"end":{"line":47,"column":60}},"type":"binary-expr","locations":[{"start":{"line":45,"column":12},"end":{"line":46,"column":63}},{"start":{"line":46,"column":63},"end":{"line":47,"column":60}}],"line":45},"2":{"loc":{"start":{"line":46,"column":9},"end":{"line":46,"column":34}},"type":"binary-expr","locations":[{"start":{"line":46,"column":9},"end":{"line":46,"column":30}},{"start":{"line":46,"column":30},"end":{"line":46,"column":34}}],"line":46},"3":{"loc":{"start":{"line":47,"column":9},"end":{"line":47,"column":31}},"type":"binary-expr","locations":[{"start":{"line":47,"column":9},"end":{"line":47,"column":27}},{"start":{"line":47,"column":27},"end":{"line":47,"column":31}}],"line":47},"4":{"loc":{"start":{"line":48,"column":25},"end":{"line":48,"column":null}},"type":"cond-expr","locations":[{"start":{"line":48,"column":35},"end":{"line":48,"column":40}},{"start":{"line":48,"column":40},"end":{"line":48,"column":null}}],"line":48},"5":{"loc":{"start":{"line":52,"column":44},"end":{"line":52,"column":68}},"type":"default-arg","locations":[{"start":{"line":52,"column":56},"end":{"line":52,"column":68}}],"line":52},"6":{"loc":{"start":{"line":55,"column":17},"end":{"line":55,"column":null}},"type":"binary-expr","locations":[{"start":{"line":55,"column":17},"end":{"line":55,"column":38}},{"start":{"line":55,"column":38},"end":{"line":55,"column":null}}],"line":55},"7":{"loc":{"start":{"line":56,"column":17},"end":{"line":56,"column":null}},"type":"binary-expr","locations":[{"start":{"line":56,"column":17},"end":{"line":56,"column":38}},{"start":{"line":56,"column":38},"end":{"line":56,"column":null}}],"line":56},"8":{"loc":{"start":{"line":57,"column":13},"end":{"line":57,"column":68}},"type":"cond-expr","locations":[{"start":{"line":57,"column":25},"end":{"line":57,"column":45}},{"start":{"line":57,"column":48},"end":{"line":57,"column":68}}],"line":57}},"s":{"0":6,"1":6,"2":6,"3":6,"4":5,"5":5,"6":5,"7":5,"8":15,"9":15,"10":15,"11":15,"12":15,"13":15,"14":15,"15":5,"16":6,"17":6,"18":18,"19":18,"20":18,"21":18,"22":6,"23":1,"24":1,"25":3,"26":3,"27":2,"28":2,"29":6,"30":6,"31":6,"32":2,"33":6,"34":1,"35":1,"36":1,"37":3,"38":3,"39":1},"f":{"0":6,"1":5,"2":6,"3":1,"4":3,"5":2,"6":6,"7":6,"8":1},"b":{"0":[18,0],"1":[3,1],"2":[3,0],"3":[1,0],"4":[2,1],"5":[2],"6":[6,0],"7":[6,0],"8":[4,2]},"meta":{"lastBranch":9,"lastFunction":9,"lastStatement":40,"seen":{"s:8:47:8:56":0,"f:10:2:10:Infinity":0,"s:11:12:11:Infinity":1,"s:12:12:12:Infinity":2,"s:13:12:13:Infinity":3,"f:16:2:16:14":1,"s:17:4:17:Infinity":4,"s:18:4:18:Infinity":5,"s:19:21:19:54":6,"s:20:4:27:Infinity":7,"s:21:34:21:48":8,"s:22:17:22:45":9,"s:23:6:23:Infinity":10,"s:24:6:24:Infinity":11,"s:25:6:25:Infinity":12,"s:26:6:26:Infinity":13,"s:27:6:27:Infinity":14,"s:29:4:29:Infinity":15,"f:32:2:32:19":2,"s:33:16:33:43":16,"s:34:4:37:Infinity":17,"s:35:18:35:Infinity":18,"b:36:6:36:Infinity:undefined:undefined:undefined:undefined":0,"s:36:6:36:Infinity":19,"s:36:25:36:Infinity":20,"s:37:6:37:Infinity":21,"s:39:4:39:Infinity":22,"f:42:2:42:14":3,"s:43:18:43:36":23,"s:44:4:49:Infinity":24,"f:44:51:44:59":4,"s:45:12:47:60":25,"b:45:12:46:63:46:63:47:60":1,"b:46:9:46:30:46:30:46:34":2,"b:47:9:47:27:47:27:47:31":3,"s:48:6:48:Infinity":26,"b:48:35:48:40:48:40:48:Infinity":4,"f:52:2:52:9":5,"b:52:56:52:68":5,"s:53:17:53:75":27,"s:54:4:58:Infinity":28,"f:54:9:54:15":6,"s:55:17:55:Infinity":29,"b:55:17:55:38:55:38:55:Infinity":6,"s:56:17:56:Infinity":30,"b:56:17:56:38:56:38:56:Infinity":7,"s:57:6:57:Infinity":31,"b:57:25:57:45:57:48:57:68":8,"s:59:4:59:Infinity":32,"f:59:9:59:17":7,"s:59:22:59:47":33,"f:62:2:62:22":8,"s:63:19:63:Infinity":34,"s:64:33:64:35":35,"s:65:4:67:Infinity":36,"s:66:34:66:48":37,"s:67:6:67:Infinity":38,"s:69:4:69:Infinity":39}}}
,"/home/pavlo_smahin/IdeaProjects/folio-api-dependencies/src/store/AppStore.ts": {"path":"/home/pavlo_smahin/IdeaProjects/folio-api-dependencies/src/store/AppStore.ts","statementMap":{"0":{"start":{"line":4,"column":31},"end":{"line":4,"column":33}},"1":{"start":{"line":5,"column":26},"end":{"line":5,"column":28}},"2":{"start":{"line":6,"column":34},"end":{"line":6,"column":36}},"3":{"start":{"line":7,"column":44},"end":{"line":7,"column":53}},"4":{"start":{"line":8,"column":31},"end":{"line":8,"column":40}},"5":{"start":{"line":9,"column":51},"end":{"line":9,"column":60}},"6":{"start":{"line":11,"column":28},"end":{"line":11,"column":null}},"7":{"start":{"line":12,"column":38},"end":{"line":12,"column":null}},"8":{"start":{"line":14,"column":23},"end":{"line":14,"column":null}},"9":{"start":{"line":15,"column":33},"end":{"line":15,"column":null}},"10":{"start":{"line":17,"column":31},"end":{"line":17,"column":null}},"11":{"start":{"line":18,"column":41},"end":{"line":18,"column":null}},"12":{"start":{"line":20,"column":41},"end":{"line":20,"column":null}},"13":{"start":{"line":21,"column":50},"end":{"line":21,"column":null}},"14":{"start":{"line":23,"column":28},"end":{"line":23,"column":null}},"15":{"start":{"line":24,"column":39},"end":{"line":24,"column":null}},"16":{"start":{"line":26,"column":48},"end":{"line":26,"column":null}},"17":{"start":{"line":27,"column":57},"end":{"line":27,"column":null}}},"fnMap":{"0":{"name":"(anonymous_0)","decl":{"start":{"line":11,"column":2},"end":{"line":11,"column":26}},"loc":{"start":{"line":11,"column":26},"end":{"line":11,"column":null}},"line":11},"1":{"name":"(anonymous_1)","decl":{"start":{"line":12,"column":2},"end":{"line":12,"column":13}},"loc":{"start":{"line":12,"column":36},"end":{"line":12,"column":null}},"line":12},"2":{"name":"(anonymous_2)","decl":{"start":{"line":14,"column":2},"end":{"line":14,"column":21}},"loc":{"start":{"line":14,"column":21},"end":{"line":14,"column":null}},"line":14},"3":{"name":"(anonymous_3)","decl":{"start":{"line":15,"column":2},"end":{"line":15,"column":10}},"loc":{"start":{"line":15,"column":31},"end":{"line":15,"column":null}},"line":15},"4":{"name":"(anonymous_4)","decl":{"start":{"line":17,"column":2},"end":{"line":17,"column":29}},"loc":{"start":{"line":17,"column":29},"end":{"line":17,"column":null}},"line":17},"5":{"name":"(anonymous_5)","decl":{"start":{"line":18,"column":2},"end":{"line":18,"column":10}},"loc":{"start":{"line":18,"column":39},"end":{"line":18,"column":null}},"line":18},"6":{"name":"(anonymous_6)","decl":{"start":{"line":20,"column":2},"end":{"line":20,"column":39}},"loc":{"start":{"line":20,"column":39},"end":{"line":20,"column":null}},"line":20},"7":{"name":"(anonymous_7)","decl":{"start":{"line":21,"column":2},"end":{"line":21,"column":19}},"loc":{"start":{"line":21,"column":48},"end":{"line":21,"column":null}},"line":21},"8":{"name":"(anonymous_8)","decl":{"start":{"line":23,"column":2},"end":{"line":23,"column":26}},"loc":{"start":{"line":23,"column":26},"end":{"line":23,"column":null}},"line":23},"9":{"name":"(anonymous_9)","decl":{"start":{"line":24,"column":2},"end":{"line":24,"column":14}},"loc":{"start":{"line":24,"column":37},"end":{"line":24,"column":null}},"line":24},"10":{"name":"(anonymous_10)","decl":{"start":{"line":26,"column":2},"end":{"line":26,"column":46}},"loc":{"start":{"line":26,"column":46},"end":{"line":26,"column":null}},"line":26},"11":{"name":"(anonymous_11)","decl":{"start":{"line":27,"column":2},"end":{"line":27,"column":21}},"loc":{"start":{"line":27,"column":55},"end":{"line":27,"column":null}},"line":27}},"branchMap":{},"s":{"0":22,"1":22,"2":22,"3":22,"4":22,"5":22,"6":4,"7":7,"8":3,"9":7,"10":2,"11":13,"12":1,"13":1,"14":6,"15":10,"16":3,"17":7},"f":{"0":4,"1":7,"2":3,"3":7,"4":2,"5":13,"6":1,"7":1,"8":6,"9":10,"10":3,"11":7},"b":{},"meta":{"lastBranch":0,"lastFunction":12,"lastStatement":18,"seen":{"s:4:31:4:33":0,"s:5:26:5:28":1,"s:6:34:6:36":2,"s:7:44:7:53":3,"s:8:31:8:40":4,"s:9:51:9:60":5,"f:11:2:11:26":0,"s:11:28:11:Infinity":6,"f:12:2:12:13":1,"s:12:38:12:Infinity":7,"f:14:2:14:21":2,"s:14:23:14:Infinity":8,"f:15:2:15:10":3,"s:15:33:15:Infinity":9,"f:17:2:17:29":4,"s:17:31:17:Infinity":10,"f:18:2:18:10":5,"s:18:41:18:Infinity":11,"f:20:2:20:39":6,"s:20:41:20:Infinity":12,"f:21:2:21:19":7,"s:21:50:21:Infinity":13,"f:23:2:23:26":8,"s:23:28:23:Infinity":14,"f:24:2:24:14":9,"s:24:39:24:Infinity":15,"f:26:2:26:46":10,"s:26:48:26:Infinity":16,"f:27:2:27:21":11,"s:27:57:27:Infinity":17}}}
,"/home/pavlo_smahin/IdeaProjects/folio-api-dependencies/src/types/index.ts": {"path":"/home/pavlo_smahin/IdeaProjects/folio-api-dependencies/src/types/index.ts","statementMap":{},"fnMap":{},"branchMap":{},"s":{},"f":{},"b":{},"meta":{"lastBranch":0,"lastFunction":0,"lastStatement":0,"seen":{}}}
}
